<?xml version="1.0" encoding="UTF-8"?>
<!-- Generated by org.testng.reporters.JUnitReportReporter -->
<testsuite hostname="Rizwans-MacBook-Air.local" failures="0" tests="3" name="GetAPIs.GETAPIRequestTest" time="8.975" errors="0" timestamp="2023-07-10T12:12:59 IST" skipped="0">
  <testcase classname="GetAPIs.GETAPIRequestTest" name="getALLUsersAPITest" time="5.764"/>
  <testcase classname="GetAPIs.GETAPIRequestTest" name="getALLUsersWithQueryParamAPITest" time="1.779"/>
  <testcase classname="GetAPIs.GETAPIRequestTest" name="getALLUsersWithQueryParam_WithHashMap_APITest" time="1.432"/>
</testsuite> <!-- GetAPIs.GETAPIRequestTest -->
