<?xml version="1.0" encoding="UTF-8"?>
<!-- Generated by org.testng.reporters.JUnitReportReporter -->
<testsuite skipped="0" hostname="Rizwans-MacBook-Air.local" name="GetAPIs.GetAPIWithPathParam" tests="4" failures="0" timestamp="2023-07-17T16:00:19 IST" time="5.599" errors="0">
  <testcase name="GetCircuitDataAPI_WithDataProvider_YearTest" time="0.506" classname="GetAPIs.GetAPIWithPathParam"/>
  <testcase name="GetCircuitDataAPI_WithDataProvider_YearTest" time="0.540" classname="GetAPIs.GetAPIWithPathParam"/>
  <testcase name="GetCircuitDataAPI_WithDataProvider_YearTest" time="0.460" classname="GetAPIs.GetAPIWithPathParam"/>
  <testcase name="GetCircuitDataAPI_WithDataProvider_YearTest" time="4.093" classname="GetAPIs.GetAPIWithPathParam"/>
</testsuite> <!-- GetAPIs.GetAPIWithPathParam -->
