<?xml version="1.0" encoding="UTF-8"?>
<!-- Generated by org.testng.reporters.JUnitReportReporter -->
<testsuite skipped="0" hostname="Rizwans-MacBook-Air.local" name="GetAPIs.GETAPIRequestTestWithoutBDD" tests="3" failures="0" timestamp="2023-07-15T17:02:59 IST" time="5.623" errors="0">
  <testcase name="getALLUsersWithQueryParamAPITest" time="1.257" classname="GetAPIs.GETAPIRequestTestWithoutBDD"/>
  <testcase name="getALLUsersAPITest" time="3.053" classname="GetAPIs.GETAPIRequestTestWithoutBDD"/>
  <testcase name="getALLUsersWithQueryParam_WithHashMap_APITest" time="1.313" classname="GetAPIs.GETAPIRequestTestWithoutBDD"/>
</testsuite> <!-- GetAPIs.GETAPIRequestTestWithoutBDD -->
