<?xml version="1.0" encoding="UTF-8"?>
<!-- Generated by org.testng.reporters.JUnitReportReporter -->
<testsuite skipped="0" hostname="Rizwans-Air" name="PostAPIs.createUserWithPojoTest" tests="1" failures="0" timestamp="2023-07-22T13:14:32 IST" time="10.389" errors="0">
  <testcase name="addUser" time="10.389" classname="PostAPIs.createUserWithPojoTest"/>
</testsuite> <!-- PostAPIs.createUserWithPojoTest -->
