<?xml version="1.0" encoding="UTF-8"?>
<!-- Generated by org.testng.reporters.JUnitReportReporter -->
<testsuite skipped="0" hostname="Rizwans-MacBook-Air.local" name="specRequestResponseBulder.RequestResponsSpec" tests="1" failures="0" timestamp="2023-07-20T14:45:57 IST" time="5.218" errors="0">
  <testcase name="getUser_with_Req_RespSpec" time="5.218" classname="specRequestResponseBulder.RequestResponsSpec"/>
</testsuite> <!-- specRequestResponseBulder.RequestResponsSpec -->
