<?xml version="1.0" encoding="UTF-8"?>
<!-- Generated by org.testng.reporters.JUnitReportReporter -->
<testsuite skipped="0" hostname="Rizwans-MacBook-Air.local" name="GetAPIs.RequestSpecBuilderTest" tests="1" failures="0" timestamp="2023-07-18T13:03:18 IST" time="3.756" errors="0">
  <testcase name="getUser_With_QueryParam_Request_Spec" time="3.756" classname="GetAPIs.RequestSpecBuilderTest"/>
</testsuite> <!-- GetAPIs.RequestSpecBuilderTest -->
