<?xml version="1.0" encoding="UTF-8"?>
<!-- Generated by org.testng.reporters.JUnitReportReporter -->
<testsuite skipped="0" hostname="Rizwans-Air" name="PostAPIs.OAuth2Test" tests="1" failures="0" timestamp="2023-07-19T18:05:14 IST" time="10.323" errors="0">
  <testcase name="getFlightInfo" time="10.323" classname="PostAPIs.OAuth2Test"/>
</testsuite> <!-- PostAPIs.OAuth2Test -->
