<?xml version="1.0" encoding="UTF-8"?>
<!-- Generated by org.testng.reporters.JUnitReportReporter -->
<testsuite skipped="0" hostname="Rizwans-MacBook-Air.local" name="GetAPIs.GETAPIRequestTestWithBDD" tests="1" failures="0" timestamp="2023-07-17T07:56:55 IST" time="4.069" errors="0">
  <testcase name="getProductDataAPI_With_ExtractBody_With_Json_Extract" time="4.069" classname="GetAPIs.GETAPIRequestTestWithBDD"/>
</testsuite> <!-- GetAPIs.GETAPIRequestTestWithBDD -->
