<?xml version="1.0" encoding="UTF-8"?>
<!-- Generated by org.testng.reporters.JUnitReportReporter -->
<testsuite skipped="0" hostname="Rizwans-MacBook-Air.local" name="com.qa.api.ProductAPITest" tests="1" failures="0" timestamp="2023-07-23T19:11:59 IST" time="5.578" errors="0">
  <testcase name="getProductTest_WithBDD" time="5.578" classname="com.qa.api.ProductAPITest"/>
</testsuite> <!-- com.qa.api.ProductAPITest -->
