<?xml version="1.0" encoding="UTF-8"?>
<!-- Generated by org.testng.reporters.JUnitReportReporter -->
<testsuite hostname="Rizwans-MacBook-Air.local" failures="0" tests="1" name="jsonValidatorTest.JsonPathTest" time="8.330" errors="0" timestamp="2023-08-09T13:04:03 IST" skipped="0">
  <testcase classname="jsonValidatorTest.JsonPathTest" name="getCircuitDataAPIWith_Year" time="8.330"/>
</testsuite> <!-- jsonValidatorTest.JsonPathTest -->
